0
0
0
0
3817
7396
7396
8893
13559
19327
22589
22589
22589
25789
26781
30139
30139
35996
35996
36485
36485
40691
41389
41389
42899
46853
51264
51264
53273
55115
55115
59744
60482
61766
70306
70306
81568
85614
87922
87922
87922
87922
91710
93747
93747
96898
96898
96898
101041
103608
103608
103608
103608
109724
113757
113976
122607
130073
135001
138189
139761
145701
145701
153975
153975
153975
158906
161867
167474
167474
167474
167861
169131
171104
179388
182739
183541
187739
189242
189242
189242
190122
196335
200235
200235
202560
203756
203756
211537
211537
211537
211537
211537
214806
219379
224900
225226
225226
229467
229467
231313
231313
243595
248113
248113
248113
256722
266122
266122
273953
273953
280914
284636
288952
288952
288952
293067
295060
295060
295060
295706
295706
301426
307911
307911
308663
314336
314864
325922
326645
329630
332651
334055
337439
339461
342788
346207
346207
349977
349977
354543
359728
363158
363158
363158
366009
367730
372500
372500
376616
379545
379545
381160
381160
385604
385604
389728
390073
390073
396229
396229
396229
404957
410722
413989
413989
417383
421365
424594
424594
424594
428163
432179
436944
440676
440676
440676
440676
444604
448408
448408
451864
455478
467123
467123
467123
470414
470414
481177
483121
484431
484431
485685
485685
486564
492846
497130
498961
498961
498961
498961
499385
500368
501075
501075
502275
502403
508650
508650
512759
514940
517851
521167
522979
527086
529171
529171
529171
535066
540787
544561
546368
547185
547185
547185
548633
552661
552661
555069
559770
559770
564168
569665
570984
570984
573148
580625
588395
588395
592547
597208
598403
598403
601991
606027
617016
617016
622503
622503
622503
626621
629765
633209
634241
636073
646505
650666
650666
651574
655391
658578
658578
664812
665273
666681
666681
668343
673441
673812
675998
675998
679700
681455
684613
684613
684613
684613
685747
691406
691406
691822
695511
697377
704738
704738
706845
706845
709367
709367
719163
719163
719969
719969
732551
732876
734385
734443
738598
738598
746144
750701
750701
752681
752681
752681
753392
757602
757602
763130
765033
768802
768802
771077
771133
774189
778738
778738
782208
785874
790333
790727
792522
796186
799765
804309
807858
807858
807858
807858
811013
811013
816468
820848
820848
824928
824928
828993
828993
830242
834774
840453
840453
842847
842847
844184
853399
857045
857045
858026
862506
864277
865361
865361
868259
870126
881003
883333
883333
886085
890168
890168
894545
896750
896750
896750
899663
899663
899663
899912
908028
908028
911263
913507
917292
917292
917292
917770
917770
922489
928690
937394
937561
941112
941112
943362
943362
947073
947073
950253
950253
954778
954778
954778
955643
955643
958434
958434
961396
961396
963211
965706
969456
974280
974280
974280
974325
974325
976426
978053
978727
978727
978727
978727
978727
978727
983040
983597
986335
989143
993014
996380
996912
996912
1004895
1004895
1004895
1013213
1018648
1026486
1027207
1028838
1028838
1028838
1032213
1034319
1037950
1039027
1040537
1041163
1041782
1041782
1041851
1041851
1047852
1049059
1055104
1055104
1057916
1059148
1059148
1060451
1060451
1060451
1063826
1063826
1065931
1070085
1072630
1079935
1080883
1085198
1085198
1085198
1085198
1085198
1085521
1085658
1086643
1090580
1098519
1098519
1098808
1103052
1105068
1105068
1106118
1112643
1115591
1119725
1122161
1125697
1132907
1135547
1135547
1136023
1136023
1140271
1142413
1150158
1150158
1151125
1151125
1154142
1156569
1163726
1166463
1168109
1171601
1171601
1171601
1175162
1176077
1178819
1178819
1178819
1178819
1182371
1185733
1191238
1191668
1197579
1197579
1197579
1200820
1200820
1200820
1200820
1204483
1204483
1206249
1206249
1206249
1206249
1206249
1206249
1210036
1210036
1210162
1212425
1212425
1213437
1215924
1217468
1221134
1221134
1225234
1225234
1231458
1233438
1236089
1236089
1242277
1242277
1256170
1259432
1259432
1262859
1263003
1263003
1263702
1263702
1263702
1269851
1269851
1269851
1273095
1273095
1275252
1275252
1286111
1286547
1288797
1288797
1295986
1300134
1306897
1306897
1306897
1308021
1308021
1308826
1312903
1312903
1312903
1312903
1316823
1316823
1319347
1319347
1321854
1325372
1330269
1339244
1339244
1339244
1341167
1341167
1343232
1347262
1352123
1352123
1359995
1359995
1363526
1371699
1371699
1371699
1371699
1371699
1372105
1377757
1386525
1390423
1393633
1393633
1393674
1396138
1397337
1399334
1401854
1402803
1402803
1402803
1406712
1410565
1410565
1410565
1415496
1416565
1419581
1419581
1426458
1426458
1426458
1432253
1434415
1438696
1438696
1438696
1438696
1439890
1444561
1445374
1445781
1448936
1452463
1452463
1452463
1452463
1454676
1454676
1459694
1460613
1461717
1463343
1467797
1467797
1473656
1476459
1482289
1489545
1489545
1496412
1500403
1503556
1504560
1504560
1508409
1514478
1516708
1516708
1516708
1519178
1519178
1519539
1519598
1521917
1530444
1530444
1535931
1535931
1543762
1544702
1546115
1546115
1549675
1551360
1559325
1564114
1567478
1567478
1575628
1576260
1576260
1576260
1577137
1577137
1577137
1579446
1579446
1579640
1579640
1579640
1583058
1583058
1591150
1594272
1595282
1596157
1600396
1600396
1600396
1601740
1609363
1609363
1609363
1612161
1617564
1622074
1627748
1630819
1630832
1630832
1633211
1633211
1633211
1633211
1633211
1638863
1638863
1639027
1642430
1642452
1644186
1644186
1644186
1646722
1646850
1646850
1648863
1649836
1659927
1663188
1665899
1665899
1670065
1671571
1672455
1675793
1675793
1675793
1675793
1675793
1679691
1682737
1682737
1688359
1689727
1695539
1699968
1699968
1699968
1699968
1699968
1704379
1704379
1704379
1710861
1719726
1721024
1721024
1723929
1723929
1723929
1727867
1731181
1731181
1731181
1732702
1736247
1736247
1738070
1741861
1741861
1748073
1752062
1753874
1761447
1763645
1766190
1769732
1774483
1775781
1778110
1780149
1780149
1781036
1785369
1789852
1790975
1796932
1796970
1801888
1810904
1811925
1815424
1815424
1818911
1825976
1830425
1830509
1832480
1842475
1844279
1846328
1849440
1853741
1857653
1863036
1863036
1863036
1863706
1863706
1864648
1867640
1868624
1871404
1873592
1873592
1878537
1878537
1890383
1892730
1892946
1892946
1892946
1894608
1895805
1896199
1896796
1896796
1901554
1901554
1901554
1903284
1903284
1904928
1906060
1906060
1906223
1906223
1906223
1906223
1908718
1911148
1911148
1915827
1917236
1917319
1917319
1918533
1919672
1919672
1923011
1923011
1928379
1932537
1934941
1934941
1934941
1936169
1936169
1941743
1947573
1947573
1954949
1955200
1955200
1957417
1957417
1960998
1964691
1964691
1967720
1968610
1968610
1968610
1968610
1976498
1978053
1978053
1981423
1981714
1981714
1985197
1988436
1992569
1992569
1992569
1996935
1998070
1998070
2007472
2010227
2011588
2013855
2013855
2013855
2017291
2017291
2018966
2022187
2031818
2033201
2035397
2035397
2035397
2037475
2037475
2037475
2041571
2041571
2042504
2042504
2049645
2058737
2060757
2060757
2064410
2070859
2070859
2071914
2074923
2078110
2078110
2079017
2079651
2082714
2082714
2082935
2083624
2083624
2087478
2088821
2088821
2089952
2089952
2092079
2092079
2096573
2096573
2096573
2096573
2098015
2101411
2101411
2106626
2108908
2108908
2108908
2109024
2109024
2109973
2111153
2112540
2113112
2115049
2115311
2116166
2116166
2119961
2121513
2124047
2129033
2133041
2134051
2135570
2135570
2139217
2145176
2147327
2147327
2147327
2147327
2147327
2151747
2151747
2154485
2154485
2154926
2159252
2161661
2161661
2161661
2168572
2168572
2168572
2170462
2177382
2186300
2187401
2187401
2187401
2189377
2191386
2191386
2191998
2196982
2196982
2200156
2200156
2200156
2200156
2200156
2204067
2204170
2211762
2211762
2213329
2213329
2217048
2217048
2219027
2219027
2220260
2221318
2225925
2230230
2230230
2233688
2235153
2242795
2242795
2243270
2246270
2248842
2253713
2256456
2256456
2258254
2268783
2272053
2274552
2280807
2286518
2286518
2288345
2289320
2293047
2293689
2293689
2295738
2295738
2295738
2300561
2302183
2302183
2309438
2313440
2313440
2317735
2324073
2327725
2331420
2333326
2338088
2341025
2341675
2343113
2343113
2353402
2353402
2356815
2356815
2359093
2359093
2361273
2361273
2361984
2364389
2366281
2368620
2372919
2372919
2375219
2380204
2383096
2385748
2390231
2390888
2390888
2396161
2397732
2400515
2400882
2403936
2403936
2404318
2413866
2416006
2418374
2418374
2419230
2419230
2421733
2428109
2429185
2435073
2435073
2438672
2445940
2445940
2445940
2445940
2445940
2445940
2449866
2449866
2449866
2455724
2455724
2455724
2456931
2459901
2459901
2464307
2464307
2466298
2467230
2469352
2472539
2472937
2472937
2474188
2474188
2474188
2475338
2475338
2481069
2483692
2485792
2485792
2485792
2489501
2497398
2497398
2498256
2499723
2502706
2509631
2513135
2513135
2516503
2518880
2519613
2521115
2521115
2521115
2524074
2524074
2525704
2525886
2526864
2526864
2530569
2530569
2530569
2542075
2542075
2542366
2548098
2550877
2550877
2550877
2550877
2550877
2552139
2556191
2556964
2556964
2556964
2561990
2561990
2564930
2571956
2572655
2572655
2572655
2572655
2574798
2580802
2583637
2591715
2591715
2593751
2595628
2595628
2600568
2603129
2603129
2603716
2603716
2606550
2610963
2610963
2610963
2610963
2613135
2619748
2623217
2623728
2623728
2623728
2623728
2624420
2624420
2627664
2630996
2633585
2634324
2634324
2637108
2637725
2638648
2642302
2642302
2642302
2646566
2653385
2653385
2656341
2656341
2656341
2658430
2660636
2660636
2660636
2660636
2660636
2660636
2660636
2662774
2662774
2665525
2669355
2669355
2669355
2669355
2672777
2677649
2677649
2677767
2677767
2677767
2677767
2677767
2682838
2684228
2690897
2693151
2693151
2693151
2702175
2702175
2702175
2705869
2707923
2709700
2712463
2716008
2716008
2716008
2716008
2716008
2718200
2720958
2724630
2728141
2728141
2730496
2736796
2736940
2736940
2736940
2736940
2736940
2740235
2743749
2745937
2749475
2753304
2753304
2753304
2753304
2755451
2755897
2759024
2759024
2761031
2767757
2768127
2770065
2770065
2770906
2773161
2774167
2774167
2777280
2782140
2782140
2785088
2787716
2787760
2791122
2791708
2792045
2792045
2792045
2792045
2792598
2795100
2795100
2795100
2795100
2795234
2797224
2798912
2802291
2802291
2805583
2808822
2808822
2811975
2815326
2815326
2815438
2815438
2815438
2815438
2818363
2818363
2827313
2831271
2831710
2834115
2834115
2840385
2843066
2843066
2843280
2843407
2843407
2847086
2847086
2849160
2854713
2856577
2856577
2858219
2861829
2861829
2861829
2864351
2867813
2871310
2871310
2876503
2876503
2876503
2876503
2878390
2878390
2878390
2883073
2886175
2889073
2889073
2891370
2891370
2895542
2895542
2898379
2904962
2904962
2906005
2908625
2911427
2911427
2911427
2912145
2912145
2912245
2915784
2915784
2917145
2923666
2924927
2925109
2929890
2929890
2929890
2931549
2933396
2935781
2936494
2936494
2936494
2938039
2940898
2944066
2945170
2945170
2954068
2956204
2956204
2956204
2956204
2960061
2963838
2963838
2966653
2967679
2967710
2967710
2973678
2973678
2973678
2973678
2974688
2974688
2976845
2980544
2985992
2989234
2991856
2991856
2991856
2991856
2994463
2994463
2994463
2994725
2994725
3000600
3000600
3004334
3005821
3013240
3013240
3014508
3014508
3014811
3016780
3016780
3016780
3020249
3020249
3024804
3024804
3027774
3027774
3031523
3031523
3037009
3041072
3046386
3052391
3052391
3055403
3055403
3059741
3059741
3059741
3060191
3062547
3064881
3068190
3070014
3071765
3075243
3075243
3081862
3081862
3081862
3082412
3086861
3087563
3087614
3091508
3093762
3093762
3099158
3102575
3102575
3105011
3108286
3110856
3112508
3113741
3113741
3115800
3115800
3115800
3115800
3119134
3119134
3120072
3121213
3121213
3122432
3126062
3126921
3127089
3127089
3127089
3127089
3127089
3129865
3129865
3130102
3130102
3130102
3130102
3130102
3130102
3133524
3138197
3141162
3143661
3147990
3147990
3147990
3147990
3147990
3150727
3156556
3162041
3164461
3165163
3169328
3169328
3170274
3173292
3175480
3175480
3176241
3177409
3181487
3181487
3184650
3185975
3188756
3188756
3188756
3191124
3191124
3191124
3191124
3191124
3191124
3195327
3195327
3198101
3199663
3199663
3202357
3203622
3206518
3206525
3211632
3211632
3214683
3215631
3218477
3218812
3220270
3222050
3224239
3224239
3225565
3227723
3227723
3229084
3236018
3236018
3236018
3240499
3240499
3240499
3247929
3250790
3251855
3251855
3254141
3254842
3254842
3254842
3256772
3258635
3258635
3258893
3258893
3266411
3268932
3268932
3269880
3270618
3270618
3273249
3273262
3275683
3277428
3280629
3283795
3287017
3287017
3287806
3288180
3289764
3292228
3294997
3294997
3298273
3300054
3302079
3302079
3305622
3308725
3308725
3309524
3310282
3313343
3316454
3316454
3319563
3321672
3321672
3321672
3325433
3325723
3325723
3325723
3327637
3327637
3330400
3330400
3335175
3336604
3338613
3347388
3354048
3362250
3362250
3362250
3365390
3366686
3371268
3371268
3372817
3377160
3380379
3380379
3380859
3384192
3384192
3385440
3385440
3389068
3392303
3393326
3396758
3396815
3397081
3397313
3397313
3399336
3400933
3402793
3403719
3403719
3403975
3407038
3408986
3410311
3410311
3412798
3412798
3412798
3412798
3416971
3419442
3422194
3422194
3430155
3430155
3430155
3433716
3433716
3443614
3444666
3445188
3449645
3450208
3451585
3458847
3458847
3459022
3460461
3460956
3463965
3464936
3464936
3464936
3471205
3474002
3474002
3477357
3482838
3487476
3488666
3491499
3494376
3499720
3499720
3499720
3499720
3499720
3500109
3502598
3502598
3506100
3506100
3506522
3508733
3508733
3508733
3509389
3511420
3514273
3514273
3516902
3519510
3520925
3520925
3522829
3528432
3528822
3533152
3533152
3533152
3533152
3533152
3533736
3534338
3537045
3539075
3543616
3543616
3546568
3547667
3551414
3551414
3553109
3555995
3558624
3564874
3573133
3573133
3575912
3580210
3580210
3580210
3583345
3585266
3589766
3589766
3590747
3593184
3593184
3593184
3594240
3594240
3594240
3598902
3598902
3598902
3600039
3600039
3602704
3602704
3602724
3604513
3612082
3612082
3614074
3614074
3614891
3617232
3621299
3624902
3624902
3624902
3631593
3635538
3637253
3637253
3640260
3641826
3644160
3646277
3648724
3655293
3659549
3659549
3662631
3664366
3665996
3667773
3667773
3670836
3674431
3674431
3674431
3674431
3674431
3674431
3676923
3676923
3679269
3681797
3687561
3687600
3687600
3687600
3687600
3687600
3690197
3690197
3692408
3692408
3692408
3692408
3699199
3699199
3699942
3706200
3707796
3707796
3710012
3710012
3710012
3712797
3715089
3715861
3716177
3717529
3717529
3717529
3720841
3720841
3720841
3721002
3722790
3722790
3724878
3727162
3727162
3727162
3729531
3731889
3731889
3734183
3737309
3737309
3739968
3740370
3740370
3740370
3741327
3741807
3741807
3741807
3744609
3744717
3744717
3749143
3749143
3749143
3749143
3749143
3749143
3749662
3750233
3750305
3752990
3755485
3755722
3755722
3756607
3757423
3758159
3759465
3761488
3765477
3768152
3768152
3771895
3774138
3774138
3779048
3779912
3782603
3782603
3784433
3788051
3790029
3792462
3795410
3796061
3796061
3797960
3799301
3799301
3799655
3804781
3807653
3809823
3810679
3810684
3813743
3813743
3814212
3817156
3817156
3817156
3822160
3824887
3824887
3827506
3828535
3830936
3833587
3833708
3833708
3833708
3835998
3837468
3837468
3839778
3842197
3842681
3848144
3848144
3855132
3858672
3859350
3859471
3863339
3865238
3866485
3866485
3868445
3868445
3870333
3871769
3873727
3873727
3873727
3873727
3873942
3875502
3878986
3882465
3882465
3882465
3884956
3884956
3884956
3889947
3895458
3898104
3904216
3904216
3904216
3906633
3906633
3906633
3906898
3906898
3906898
3908029
3908029
3908029
3908029
3910790
3913381
3913381
3916318
3924712
3924712
3924712
3924712
3924712
3924712
3924712
3927938
3929328
3931771
3931771
3931771
3934649
3945101
3945101
3945101
3945101
3945101
3947725
3947725
3948686
3951677
3951677
3953898
3957871
3957871
3958172
3961905
3961905
3961905
3964229
3964229
3964229
3964229
3964712
3967636
3969749
3972700
3972700
3972700
3977423
3977423
3977653
3979124
3982530
3985970
3985970
3989554
3989554
3991271
3993987
3996443
3997237
3998306
3998306
4000042
4001788
4003764
4004807
4008155
4008155
4008867
4010136
4013804
4013804
4015648
4022798
4022798
4025366
4025366
4027554
4032471
4032471
4032471
4035782
4036112
4036537
4036567
4036567
4038983
4041329
4041329
4041329
4043924
4050115
4050115
4051962
4054181
4054181
4056252
4056744
4060862
4062976
4065297
4067755
4067755
4067755
4067755
4072360
4073285
4074836
4076454
4076769
4076769
4076769
4078795
4078821
4082517
4084596
4084946
4087481
4089012
4091098
4095542
4097354
4099873
4102932
4105544
4106662
4108078
4108699
4108699
4108699
4108699
4111586
4114380
4114380
4117185
4120181
4120181
4121384
4121960
4122493
4122493
4124083
4124766
4127547
4128850
4131073
4131073
4131073
4133360
4133360
4133360
4136488
4136488
4136697
4136697
4136697
4137351
4137351
4137513
4139149
4139149
4141455
4141455
4141455
4141455
4141455
4143719
4143719
4143719
4145673
4145673
4145673
4146609
4146609
4150771
4153873
4155003
4155003
4155003
4157138
4159530
4159530
4159530
4161420
4163578
4163578
4163582
4167222
4169234
4169234
4169948
4169948
4175418
4175418
4179532
4179723
4180977
4181290
4181290
4182100
4182100
4182100
4184952
4185459
4191918
4191918
4191918
4195246
4197049
4198607
4201019
4201019
4205904
4207870
4207870
4210357
4212836
4212836
4212836
4212962
4212962
4214497
4214820
4214820
4217262
4220204
4220649
4220649
4224265
4224564
4227137
4229488
4231347
4231347
4236157
4236514
4239003
4244882
4247529
4250071
4251880
4252891
4253646
4254189
4254189
4254189
4254189
4256520
4258708
4261364
4265445
4265445
4267470
4267470
4273504
4273504
4275439
4275916
4278524
4282014
4284759
4286846
4286846
4286846
4287321
4288542
4291484
4291813
4294981
4294981
4294981
4294981
4294981
4294981
4297237
4299753
4303411
4303541
4303541
4310059
4312796
4314722
4314722
4314722
4314722
4315513
4317209
4320091
4320091
4320091
4321154
4321154
4321469
4321469
4321469
4322147
4325432
4327916
4327916
4329112
4329121
4331978
4331978
4332082
4332082
4334744
4334744
4337309
4341720
4343526
4343796
4349319
4349670
4351162
4356424
4356424
4356424
4356424
4356424
4356424
4358163
4359857
4359857
4364608
4367668
4370548
4370548
4370548
4370548
4371613
4371613
4376930
4376930
4380743
4382802
4382802
4382802
4383969
4384103
4386661
4387279
4387279
4387279
4389399
4391078
4391078
4391078
4391078
4391078
4392610
4393249
4396948
4398979
4402791
4403525
4406201
4406233
4406233
4408518
4408518
4409469
4409803
4410022
4411487
4413025
4415553
4415553
4419823
4419823
4419823
4419823
4419823
4422323
4422323
4422323
4422323
4422323
4422333
4424403
4426572
4427814
4427814
4430843
4430843
4430843
4433318
4436029
4436029
4440802
4440802
4444497
4449272
4449272
4449272
4449272
4449792
4451245
4451245
4451651
4452335
4453911
4459316
4463512
4463512
4465954
4467588
4467588
4469385
4469385
4469385
4469385
4471235
4471235
4471235
4471235
4472234
4472234
4476632
4478959
4478959
4481216
4482588
4484950
4485861
4490253
4490253
4492801
4494283
4497635
4497635
4497635
4497635
4497635
4497635
4502594
4503695
4504162
4505893
4508143
4510099
4510099
4511032
4511032
4511794
4512681
4512681
4512681
4512681
4512681
4517471
4517471
4520202
4522555
4526381
4526381
4530226
4531897
4531897
4531897
4534416
4538514
4538514
4545699
4545955
4545955
4545955
4547567
4547567
4550088
4550088
4552534
4552534
4556311
4556311
4558270
4558270
4558270
4558270
4565036
4567062
4568870
4571279
4572183
4572183
4574890
4575866
4579432
4579432
4580623
4580623
4581947
4581947
4581947
4584275
4584275
4586658
4586658
4587718
4587718
4588073
4589697
4589697
4594378
4594378
4595269
4595934
4596619
4598646
4599109
4599109
4599576
4602326
4604705
4604705
4604705
4604705
4607008
4607008
4607153
4607153
4607153
4609990
4611747
4614574
4614574
4614922
4614922
4614922
4614922
4617037
4617837
4617837
4619646
4619646
4619646
4623245
4626523
4628929
4628929
4630843
4630911
4633005
4633187
4637454
4637454
4637802
4645241
4645241
4645919
4648381
4650157
4650157
4654518
4656683
4657042
4657042
4657042
4659246
4659246
4659929
4666606
4669566
4674522
4678809
4678809
4678809
4679002
4679002
4679002
4679361
4680520
4680520
4680520
4681450
4684903
4688449
4689888
4690889
4694224
4694224
4694224
4694224
4694224
4695415
4698898
4700672
4701659
4701659
4703275
4703275
4703380
4703380
4703380
4703380
4703380
4703380
4703380
4706458
4706458
4709330
4710358
4710358
4711354
4711354
4712444
4714001
4716524
4716524
4718408
4718408
4719532
4719532
4719532
4723106
4725470
4727176
4728161
4728318
4728943
4732413
4732413
4734311
4734311
4736061
4736946
4738944
4741215
4742354
4743977
4745867
4750438
4753603
4755078
4758208
4759703
4762355
4763182
4765250
4765918
4766345
4767802
4767802
4768066
4769310
4771354
4772548
4774502
4774502
4775221
4777149
4781135
4783655
4783655
4783655
4785325
4786667
4786667
4789405
4791130
4791130
4792503
4796901
4797289
4799241
4799241
4799241
4799241
4800512
4800512
4800512
4800512
4802255
4802255
4802567
4805936
4807558
4808437
4808437
4811759
4813711
4815268
4819098
4820443
4823891
4823891
4824400
4824400
4828285
4829676
4831449
4832444
4834104
4834104
4834104
4834225
4834225
4834225
4834913
4837032
4838416
4840571
4842635
4842635
4843814
4845495
4845757
4847765
4848629
4849998
4849998
4854000
4857662
4857662
4859350
4859350
4859362
4859362
4859564
4861845
4863371
4863371
4863371
4865007
4866626
4868673
4870402
4872080
4873405
4874392
4877066
4877536
4877536
4881371
4881646
4882472
4882472
4885967
4891774
4891774
4891774
4893185
4893185
4894287
4894287
4896128
4900364
4901651
4902694
4904900
4904900
4904900
4907058
4909131
4911905
4912574
4915045
4916057
4916057
4916265
4916281
4918180
4919067
4921025
4921777
4924111
4924111
4926031
4926031
4926546
4926546
4926960
4929703
4930909
4933286
4933286
4934011
4935703
4936677
4939330
4939330
4939330
4939330
4939330
4939330
4940923
4940923
4941390
4942111
4946003
4948996
4948996
4951191
4951874
4952867
4952897
4952897
4954712
4958721
4958721
4960052
4960052
4961552
4963558
4963686
4964780
4966672
4968294
4969734
4969734
4970835
4972190
4972190
4972190
4973983
4975690
4975690
4975805
4975805
4977155
4977997
4979604
4979798
4981537
4982296
4982666
4982666
4983877
4985854
4985854
4989402
4989752
4989752
4990652
4991247
4994616
4998175
4998692
5000452
5000954
5000968
5001307
5002576
5003989
5005849
5007297
5007479
5012320
5013564
5015692
5016150
5016930
5018051
5019880
5021472
5021641
5022079
5022246
5023360
5025291
5027141
5028277
5028277
5028546
5030216
5032260
5033086
5033874
5036864
5039216
5039216
5039216
5039216
5039216
5039216
5040601
5040601
5040601
5042406
5042406
5042406
5044700
5044700
5044700
5044739
5044739
5044739
5044739
5046708
5046708
5048365
5048365
5048365
5050354
5053719
5055007
5055618
5055618
5055618
5055618
5056464
5059247
5059247
5060489
5062377
5062377
5066323
5067831
5067831
5071665
5073242
5073892
5073892
5074436
5075927
5077742
5080554
5080808
5080808
5082134
5083476
5083476
5084243
5084243
5086183
5087464
5087698
5090969
5092279
5093926
5093926
5094660
5095138
5095138
5095845
5095845
5099520
5099520
5100560
5101257
5102446
5104400
5107153
5107994
5110511
5112826
5112826
5116635
5116635
5116635
5116635
5116635
5117696
5119417
5119848
5122375
5123498
5123498
5124607
5125799
5125799
5125799
5125799
5126174
5132155
5133614
5133614
5133614
5133614
5137023
5138410
5140450
5140547
5142123
5142144
5142890
5144482
5145816
5148890
5148890
5151707
5152674
5152674
5153294
5153294
5156552
5156552
5158149
5158981
5158981
5158981
5159714
5161112
5161597
5164141
5165050
5165050
5166212
5168345
5168424
5170217
5170217
5170217
5170217
5170217
5170905
5170905
5170905
5172909
5174774
5177637
5177637
5180174
5180380
5182540
5184834
5184834
5186917
5188859
5188859
5190748
5190748
5191728
5192302
5193866
5193866
5195516
5198033
5198676
5199193
5200064
5200064
5200064
5203015
5203015
5204418
5205962
5205962
5207167
5208558
5208558
5209976
5211808
5212422
5213886
5215136
5218424
5218961
5218961
5218961
5219388
5219388
5220569
5220602
5221450
5223897
5223897
5223897
5226361
5230505
5232245
5233598
5235409
5236405
5237958
5239689
5240200
5241419
5241419
5241419
5241684
5244791
5244984
5246153
5246153
5248586
5251371
5253028
5257274
5258624
5260282
5260725
5263333
5266185
5266693
5268664
5268664
5268664
5268664
5268872
5268872
5269555
5271055
5273154
5273673
5273673
5273673
5273844
5277820
5279129
5280751
5284401
5284401
5285166
5285166
5286072
5286072
5286904
5286904
5286918
5286918
5289878
5291113
5291113
5291636
5291836
5293266
5295320
5297145
5297710
5297710
5299127
5301330
5301330
5301330
5301330
5302673
5303457
5304684
5304907
5304907
5306044
5307898
5309210
5311135
5315358
5318050
5318050
5321501
5323072
5324173
5324837
5324837
5326025
5327312
5327312
5331242
5331242
5331242
5332306
5333635
5333921
5334857
5336469
5336469
5336469
5341115
5341115
5341220
5341220
5343971
5347136
5348881
5349754
5350689
5351493
5352773
5353751
5353751
5359025
5359025
5360165
5361790
5365968
5366536
5368253
5370008
5370008
5370008
5370570
5371204
5371204
5372701
5372869
5373267
5374581
5374581
5376230
5376384
5377448
5377448
5377448
5380033
5380033
5381551
5383036
5384946
5384946
5385077
5385625
5385625
5385625
5385625
5385625
5385625
5387121
5387121
5387121
5390347
5390347
5390347
5391219
5391219
5391558
5391558
5391778
5393611
5394267
5395585
5396444
5396864
5396864
5396864
5399916
5399916
5399916
5399916
5399916
5399916
5399916
5402197
5403486
5404588
5404588
5404588
5405938
5406724
5408772
5408772
5409136
5410518
5410518
5410518
5410518
5410518
5413234
5413234
5413451
5414543
5415030
5415730
5416529
5417588
5417588
5418754
5418975
5418975
5418975
5418975
5418975
5420565
5420565
5421525
5423717
5426292
5427619
5429677
5429677
5432499
5434071
5434071
5434071
5436012
5437076
5437466
5437466
5439741
5439741
5439888
5439888
5441394
5441453
5443080
5443942
5445332
5445332
5446414
5447252
5447252
5447252
5447252
5447252
5447252
5447252
5448835
5450086
5450086
5451300
5451300
5453108
5453108
5453828
5454843
5457402
5457402
5457974
5458621
5461733
5466790
5467949
5467949
5467995
5470084
5470448
5470448
5470448
5470448
5470448
5471629
5472029
5472029
5473146
5473406
5473406
5473406
5476338
5478832
5478832
5481254
5481742
5481742
5482267
5482353
5483898
5487307
5487307
5487642
5487642
5488960
5488960
5490402
5491645
5491645
5493085
5494434
5496551
5496551
5496551
5496551
5496551
5497836
5498869
5498869
5498869
5499976
5502356
5505044
5506297
5506905
5507483
5507483
5507483
5508235
5509258
5509258
5511426
5511426
5511426
5511426
5512900
5514235
5514235
5514235
5514235
5514274
5515589
5517504
5517504
5518250
5519110
5519110
5519110
5519110
5523475
5523475
5523475
5524467
5524629
5524629
5526616
5527614
5528241
5531200
5532702
5532702
5532702
5534005
5534751
5534751
5536807
5537217
5537217
5537217
5537887
5538268
5539580
5539580
5539580
5540258
5540258
5543339
5543339
5543339
5543693
5543693
5543693
5543819
5543819
5543819
5544268
5546423
5547957
5549682
5550451
5550451
5552404
5552404
5553286
5554112
5554112
5554112
5554452
5554452
5556924
5558369
5559704
5560741
5561335
5561335
5561677
5564131
5565051
5565051
5565672
5567016
5567385
5567385
5569382
5569382
5570046
5570508
5571085
5572324
5573512
5574666
5575743
5575743
5575990
5577329
5578421
5579441
5579749
5579749
5581731
5582925
5583443
5583443
5584782
5585473
5585473
5586790
5586790
5588624
5589504
5589504
5589573
5589573
5589573
5589573
5589991
5591330
5594121
5594121
5594121
5596180
5596551
5599049
5599049
5599755
5599755
5600607
5600607
5600607
5600800
5601742
5603087
5603094
5603441
5604375
5605101
5605101
5605101
5606822
5607118
5610544
5610544
5611361
5612299
5612299
5612800
5613648
5613648
5614135
5614135
5616483
5618976
5618976
5618976
5618976
5618976
5620002
5620823
5621484
5623118
5624730
5624730
5624730
5624730
5626203
5626203
5626203
5626203
5628827
5629603
5629603
5629902
5630451
5631530
5631803
5631957
5631957
5633167
5635043
5635458
5636685
5637262
5638179
5639347
5639944
5640099
5640456
5640456
5640456
5640949
5642956
5642956
5643103
5645460
5645460
5645460
5645460
5647954
5647954
5647954
5647954
5647954
5647954
5648856
5650216
5650216
5650216
5650216
5650596
5651737
5652339
5652339
5652923
5653441
5656338
5657906
5657906
5657906
5658093
5659228
5659643
5659922
5659922
5659922
5661936
5662667
5662667
5663833
5665087
5665087
5665087
5666092
5666860
5668024
5670278
5670278
5670838
5671949
5672728
5672728
5672728
5672728
5672728
5675264
5675264
5675264
5675264
5675289
5675479
5675479
5675982
5676853
5676853
5678124
5678693
5679699
5679699
5679699
5680625
5681252
5683075
5683075
5684065
5685335
5685335
5687106
5688029
5688029
5688308
5689130
5690395
5690395
5691683
5692599
5692750
5692750
5692750
5692750
5692764
5692764
5695480
5695480
5695480
5696824
5699517
5699517
5699517
5701177
5702323
5702770
5704350
5707312
5708140
5709373
5709373
5709373
5709373
5711108
5711829
5711829
5711829
5711829
5711829
5713215
5713215
5713215
5713646
5714409
5714409
5715145
5715566
5716766
5716766
5717884
5717884
5720159
5722936
5722936
5725284
5726441
5727238
5727814
5727830
5728860
5728860
5728860
5731705
5731705
5731734
5732001
5732458
5733016
5733538
5735697
5736569
5736778
5736986
5737736
5740808
5740989
5741646
5741646
5741646
5742395
5745085
5745085
5745172
5745539
5747575
5749666
5749666
5749666
5749666
5750143
5751344
5751900
5751900
5751900
5752737
5753798
5753798
5753798
5754131
5755819
5755819
5757343
5757343
5758502
5758502
5758502
5759428
5761017
5761864
5763034
5763721
5763721
5765102
5766245
5766245
5766245
5766245
5767391
5767812
5768298
5769214
5770020
5770807
5771910
5771910
5772898
5772898
5773009
5773009
5773009
5773009
5773009
5773009
5773103
5773758
5774895
5775239
5775239
5775415
5777477
5777744
5778230
5778230
5778300
5778615
5778943
5778943
5778943
5781458
5781458
5781458
5781801
5781801
5781902
5782403
5783474
5783474
5784286
5784286
5785199
5786022
5786022
5786022
5787435
5787435
5788013
5789131
5790034
5790229
5791290
5792871
5793871
5794156
5795229
5798308
5798308
5799815
5800277
5800277
5800277
5801891
5801891
5801891
5801891
5803859
5804609
5804826
5806137
5806853
5806853
5807273
5808563
5810142
5811383
5811383
5811383
5811383
5811942
5812367
5812466
5814060
5815939
5816063
5818501
5818501
5818716
5820777
5821850
5822465
5822465
5822894
5823636
5825746
5825746
5826277
5826277
5826784
5826784
5828195
5830125
5830125
5831089
5832700
5832987
5834413
5836028
5836802
5836802
5837104
5837961
5837961
5839508
5840585
5841096
5841096
5841096
5842167
5842399
5842660
5842750
5843625
5843625
5844294
5844938
5845566
5845566
5846061
5846061
5846471
5846471
5847347
5847347
5848437
5848437
5849223
5849638
5850604
5850604
5851679
5851679
5852104
5853446
5853728
5853728
5854177
5854177
5856271
5856271
5856701
5858291
5859006
5859006
5859782
5859782
5859922
5860734
5860734
5861446
5862828
5862828
5863360
5863360
5863971
5865044
5865551
5866887
5867648
5869341
5870345
5870345
5870644
5871528
5871528
5871582
5871582
5871832
5871832
5871832
5871832
5871832
5871832
5873066
5873066
5873066
5873066
5873066
5873184
5873184
5873491
5875516
5875792
5876250
5876250
5877431
5878236
5878436
5878925
5878925
5880931
5881496
5882137
5882419
5882419
5883197
5883197
5883197
5883892
5884027
5884791
5884791
5884791
5884791
5885757
5885757
5886333
5886333
5886834
5886834
5887214
5890774
5891779
5891779
5894108
5894198
5895442
5895508
5895843
5896032
5896715
5897973
5898915
5899322
5900132
5900132
5900132
5900132
5900132
5900983
5900983
5900983
5901724
5902152
5902152
5902152
5902152
5902343
5903045
5903894
5903894
5904160
5904160
5905093
5906044
5906610
5907525
5907525
5907804
5909026
5909851
5909886
5911177
5912173
5912173
5914100
5914730
5915606
5916145
5916145
5916746
5917727
5918255
5919530
5920828
5920828
5920882
5920882
5922106
5922719
5922719
5922719
5922957
5922957
5922957
5922957
5922957
5923836
5924358
5925142
5925142
5925788
5925788
5925788
5927045
5927940
5927940
5928643
5928643
5928643
5929517
5929517
5930350
5930910
5931711
5931837
5932850
5933027
5933962
5935208
5937538
5937538
5938077
5938494
5939664
5940370
5940449
5940449
5941069
5941102
5941102
5941329
5941394
5941394
5941394
5941394
5941394
5942496
5942667
5944039
5944039
5944884
5946250
5946250
5946250
5946250
5946978
5946978
5947835
5948797
5949339
5949670
5949670
5950025
5951346
5951346
5951346
5951346
5952794
5953091
5953091
5953201
5953201
5953201
5953493
5953493
5953730
5953730
5953730
5954369
5955510
5955832
5956695
5957462
5957505
5957641
5957641
5957802
5957802
5957802
5958101
5958194
5958564
5958862
5958862
5958862
5962474
5962797
5962797
5962797
5962886
5963286
5963286
5963684
5963684
5963829
5964821
5964821
5964821
5965233
5965233
5965536
5966398
5966676
5968017
5968601
5969505
5971257
5971257
5971257
5971607
5971969
5972586
5972940
5972940
5972940
5973530
5973616
5973616
5974322
5974322
5974322
5974322
5974630
5975167
5976741
5978076
5978076
5978418
5978898
5979504
5979504
5979563
5979563
5979885
5979885
5980628
5980628
5980628
5980628
5980628
5980628
5980628
5980628
5981537
5981769
5982892
5983003
5983085
5983085
5984219
5984219
5984742
5985508
5986376
5986376
5986376
5986475
5986475
5986643
5986643
5986643
5987878
5988653
5989160
5989160
5989449
5989788
5989791
5990591
5990784
5990784
5991904
5991904
5991904
5991904
5991904
5991904
5991904
5991904
5992365
5993082
5993458
5993458
5994961
5994983
5995280
5995627
5995692
5995692
5996075
5996176
5996187
5996187
5996590
5996590
5996590
5996590
5996590
5996590
5997734
5998089
5998599
5999218
5999218
5999453
5999506
5999845
5999864
6000466
6001164
6001164
6001164
6001414
6001958
6002022
6002563
6002599
6002853
6002853
6002879
6002879
6002879
6002879
6003977
6003977
6004107
6004724
6005119
6006311
6006311
6006311
6006383
6006596
6007185
6008076
6008462
6008911
6009640
6010261
6010261
6010261
6010686
6011643
6011643
6012343
6012593
6012881
6013118
6013118
6014026
6014026
6014026
6014738
6015473
6016546
6016546
6016546
6016576
6016970
6016970
6016970
6017660
6017674
6017674
6018314
6018314
6019037
6019037
6019638
6019638
6019638
6020743
6021348
6021348
6022065
6022065
6022065
6022896
6023901
6023901
6024324
6026097
6026179
6026179
6026825
6026825
6026825
6027908
6028638
6029569
6029569
6029936
6029936
6030992
6031613
6031972
6032427
6032427
6032959
6033979
6033979
6034998
6035558
6036098
6036359
6036733
6036733
6036733
6036867
6037036
6037505
6037982
6038470
6039798
6040507
6041275
6041321
6041321
6041883
6042016
6042732
6043231
6043875
6043875
6044048
6044294
6044294
6044294
6044294
6044807
6044807
6044807
6045307
6045665
6046581
6046581
6046581
6047625
6048260
6049407
6049467
6049573
6049796
6049920
6050925
6051930
6052496
6053312
6053839
6053839
6054363
6054439
6054439
6054616
6055163
6055515
6055694
6056121
6056865
6056865
6057734
6057734
6058338
6059372
6059636
6059917
6060571
6060571
6060571
6061429
6062267
6062762
6062818
6062818
6063237
6063237
6063237
6063994
6064959
6065323
6066524
6066668
6066777
6066777
6067168
6067168
6067168
6067168
6067168
6067168
6067168
6067803
6067932
6068611
6068611
6068611
6069265
6069700
6069700
6070538
6070837
6071195
6071195
6071195
6071612
6071612
6071868
6071910
6071910
6072240
6072780
6072780
6073142
6073773
6073773
6074137
6074154
6074299
6074299
6074974
6075808
6076228
6076687
6077368
6077368
6077795
6077810
6078243
6078762
6078762
6078762
6078762
6079088
6079774
6079774
6079774
6080176
6080226
6080624
6081248
6081868
6081976
6082775
6083183
6083468
6084479
6084982
6084982
6085119
6085119
6085495
6086402
6086402
6086402
6086505
6087055
6087124
6087401
6087736
6088144
6088486
6088530
6088530
6088995
6089108
6089108
6089108
6089108
6089171
6089183
6089410
6089410
6089410
6089804
6090066
6090085
6090085
6090085
6090085
6090557
6090922
6090922
6090931
6090931
6091873
6091873
6092302
6092302
6092302
6092865
6093097
6093433
6093433
6094169
6094423
6094820
6094820
6094845
6094845
6094845
6094954
6095316
6095698
6095732
6095732
6095820
6095820
6095820
6096110
6096333
6096333
6096548
6096751
6097447
6097648
6097893
6098507
6098652
6098990
6099315
6099731
6100455
6100455
6100856
6101770
6101848
6103012
6103284
6103637
6103893
6104502
6104874
6104874
6105210
6105210
6105856
6105856
6105856
6106112
6106112
6106292
6106595
6106595
6106970
6107272
6107309
6107675
6107675
6107675
6108427
6108427
6108695
6109073
6109411
6109943
6109943
6109943
6110112
6110112
6111142
6111142
6111331
6111331
6111331
6111897
6112294
6112398
6112398
6112398
6112636
6113136
6113524
6113524
6113524
6114236
6115135
6115135
6115135
6115135
6115173
6115173
6115173
6115484
6115492
6115814
6116026
6116026
6116026
6116249
6116442
6116724
6116955
6116955
6117616
6117616
6117616
6117616
6118283
6118498
6118836
6118836
6118967
6118967
6119121
6119121
6119235
6120158
6120275
6120755
6120914
6120914
6120914
6120914
6121107
6121107
6121107
6121107
6121327
6121327
6121327
6121468
6121468
6121560
6121833
6121833
6122161
6122466
6122466
6122667
6122667
6123016
6123016
6123016
6123016
6123342
6123342
6123342
6123342
6123434
6123516
6123516
6123739
6124235
6124495
6124606
6124873
6124873
6125021
6125021
6125021
6125294
6125897
6126079
6126079
6126079
6126320
6126402
6126402
6126598
6127047
6127612
6127612
6128751
6128873
6128873
6128873
6128909
6129206
6129206
6129591
6130633
6130921
6130921
6131267
6131325
6131325
6131325
6131575
6131742
6132035
6132233
6132233
6132233
6132233
6132341
6132558
6132620
6132641
6132641
6132766
6132766
6133039
6133039
6133041
6133047
6133106
6133380
6133635
6133635
6134081
6134081
6134213
6134492
6134492
6134523
6134580
6134639
6134912
6134938
6135192
6135192
6135192
6135192
6135241
6135567
6135613
6135979
6136012
6136184
6136220
6136220
6136450
6136633
6137103
6137290
6137538
6137653
6138040
6138526
6138618
6138958
6139110
6139110
6139288
6139288
6139433
6139433
6139433
6139550
6139602
6139701
6139760
6139760
6139895
6139895
6139996
6139996
6140127
6140327
6140327
6140362
6140386
6140579
6140758
6140758
6140831
6141149
6141215
6141560
6142036
6142036
6142036
6142192
6142192
6142192
6142192
6142314
6142484
6142484
6142670
6142670
6142795
6142795
6142795
6142795
6142881
6142881
6142886
6143117
6143117
6143346
6143346
6143346
6143346
6143520
6143520
6143520
6143679
6143679
6143679
6143679
6143679
6143828
6143828
6143828
6144000
6144000
6144138
6144329
6144329
6144480
6144480
6144480
6144645
6144706
6144706
6144706
6144793
6144871
6144871
6144990
6144990
6145190
6145190
6145190
6145190
6145471
6145471
6145471
6145528
6145681
6145823
6145824
6145824
6145824
6146044
6146044
6146044
6146115
6146115
6146159
6146159
6146392
6146447
6146667
6146667
6146667
6146667
6146667
6146747
6146754
6146754
6146869
6146976
6147007
6147126
6147223
6147251
6147406
6147406
6147406
6147515
6147634
6147634
6147668
6147741
6147741
6148082
6148082
6148109
6148182
6148388
6148438
6148741
6148806
6148900
6148946
6149019
6149076
6149108
6149108
6149130
6149274
6149380
6149558
6149558
6149609
6149733
6149766
6149919
6149919
6150010
6150010
6150040
6150040
6150040
6150040
6150165
6150257
6150387
6150387
6150567
6150685
6150845
6150845
6150845
6150884
6150884
6150884
6150969
6151109
6151164
6151183
6151263
6151319
6151349
6151382
6151548
6151570
6151671
6151671
6151679
6151756
6151777
6151825
6151849
6151966
6151966
6151966
6151986
6152015
6152015
6152061
6152061
6152063
6152088
6152135
6152185
6152185
6152270
6152288
6152288
6152389
6152435
6152435
6152479
6152479
6152479
6152490
6152490
6152490
6152544
6152544
6152565
6152624
6152624
6152656
6152680
6152706
6152724
6152724
6152724
6152724
6152788
6152812
6152816
6152816
6152834
6152843
6152858
6152858
6152885
6152898
6152907
6152916
6152916
6152932
6152932
6152932
6152985
6153003
6153003
6153015
6153015
6153028
6153039
6153039
6153040
6153040
6153045
6153045
6153047
6153050
